<?xml version="1.0" encoding="UTF-8"?>
<!-- Generated by org.testng.reporters.JUnitXMLReporter -->
<testsuite ignored="2" hostname="INHYLP0031" failures="8" tests="11" name="Test" time="106.136" errors="0" timestamp="2023-12-18T16:33:07 IST">
  <testcase classname="Test.BaseFile" name="@BeforeClass log" time="0.002">
    <failure type="org.openqa.selenium.NoSuchSessionException" message="Session ID is null. Using WebDriver after calling quit()?
Build info: version: &amp;apos;4.15.0&amp;apos;, revision: &amp;apos;1d14b5521b&amp;apos;
System info: os.name: &amp;apos;Windows 11&amp;apos;, os.arch: &amp;apos;amd64&amp;apos;, os.version: &amp;apos;10.0&amp;apos;, java.version: &amp;apos;17.0.7&amp;apos;
Driver info: org.openqa.selenium.chrome.ChromeDriver
Command: [null, setTimeout {implicit=30000}]
Capabilities {acceptInsecureCerts: false, browserName: chrome, browserVersion: 120.0.6099.72, chrome: {chromedriverVersion: 120.0.6099.71 (9729082fe617..., userDataDir: C:\Users\SAIGAU~1\AppData\L...}, fedcm:accounts: true, goog:chromeOptions: {debuggerAddress: localhost:53793}, networkConnectionEnabled: false, pageLoadStrategy: normal, platformName: windows, proxy: Proxy(), se:cdp: ws://localhost:53793/devtoo..., se:cdpVersion: 120.0.6099.72, setWindowRect: true, strictFileInteractability: false, timeouts: {implicit: 0, pageLoad: 300000, script: 30000}, unhandledPromptBehavior: dismiss and notify, webauthn:extension:credBlob: true, webauthn:extension:largeBlob: true, webauthn:extension:minPinLength: true, webauthn:extension:prf: true, webauthn:virtualAuthenticators: true}">
      <![CDATA[org.openqa.selenium.NoSuchSessionException: Session ID is null. Using WebDriver after calling quit()?
Build info: version: '4.15.0', revision: '1d14b5521b'
System info: os.name: 'Windows 11', os.arch: 'amd64', os.version: '10.0', java.version: '17.0.7'
Driver info: org.openqa.selenium.chrome.ChromeDriver
Command: [null, setTimeout {implicit=30000}]
Capabilities {acceptInsecureCerts: false, browserName: chrome, browserVersion: 120.0.6099.72, chrome: {chromedriverVersion: 120.0.6099.71 (9729082fe617..., userDataDir: C:\Users\SAIGAU~1\AppData\L...}, fedcm:accounts: true, goog:chromeOptions: {debuggerAddress: localhost:53793}, networkConnectionEnabled: false, pageLoadStrategy: normal, platformName: windows, proxy: Proxy(), se:cdp: ws://localhost:53793/devtoo..., se:cdpVersion: 120.0.6099.72, setWindowRect: true, strictFileInteractability: false, timeouts: {implicit: 0, pageLoad: 300000, script: 30000}, unhandledPromptBehavior: dismiss and notify, webauthn:extension:credBlob: true, webauthn:extension:largeBlob: true, webauthn:extension:minPinLength: true, webauthn:extension:prf: true, webauthn:virtualAuthenticators: true}
at org.openqa.selenium.remote.HttpCommandExecutor.execute(HttpCommandExecutor.java:152)
at org.openqa.selenium.remote.service.DriverCommandExecutor.invokeExecute(DriverCommandExecutor.java:200)
at org.openqa.selenium.remote.service.DriverCommandExecutor.execute(DriverCommandExecutor.java:175)
at org.openqa.selenium.remote.RemoteWebDriver.execute(RemoteWebDriver.java:607)
at org.openqa.selenium.remote.RemoteWebDriver$RemoteWebDriverOptions$RemoteTimeouts.implicitlyWait(RemoteWebDriver.java:1022)
at pages.Login_Page.credentialsuser(Login_Page.java:52)
at Test.BaseFile.log(BaseFile.java:60)
at java.base/java.util.ArrayList.forEach(ArrayList.java:1511)
... Removed 25 stack frames]]>
    </failure>
  </testcase> <!-- @BeforeClass log -->
  <testcase classname="Test.BaseFile" name="@AfterClass End" time="-1.702897387529E9">
    <skipped/>
  </testcase> <!-- @AfterClass End -->
  <testcase classname="Test.BaseFile" name="@BeforeClass log" time="0.001">
    <failure type="org.openqa.selenium.NoSuchSessionException" message="Session ID is null. Using WebDriver after calling quit()?
Build info: version: &amp;apos;4.15.0&amp;apos;, revision: &amp;apos;1d14b5521b&amp;apos;
System info: os.name: &amp;apos;Windows 11&amp;apos;, os.arch: &amp;apos;amd64&amp;apos;, os.version: &amp;apos;10.0&amp;apos;, java.version: &amp;apos;17.0.7&amp;apos;
Driver info: org.openqa.selenium.chrome.ChromeDriver
Command: [null, setTimeout {implicit=30000}]
Capabilities {acceptInsecureCerts: false, browserName: chrome, browserVersion: 120.0.6099.72, chrome: {chromedriverVersion: 120.0.6099.71 (9729082fe617..., userDataDir: C:\Users\SAIGAU~1\AppData\L...}, fedcm:accounts: true, goog:chromeOptions: {debuggerAddress: localhost:53793}, networkConnectionEnabled: false, pageLoadStrategy: normal, platformName: windows, proxy: Proxy(), se:cdp: ws://localhost:53793/devtoo..., se:cdpVersion: 120.0.6099.72, setWindowRect: true, strictFileInteractability: false, timeouts: {implicit: 0, pageLoad: 300000, script: 30000}, unhandledPromptBehavior: dismiss and notify, webauthn:extension:credBlob: true, webauthn:extension:largeBlob: true, webauthn:extension:minPinLength: true, webauthn:extension:prf: true, webauthn:virtualAuthenticators: true}">
      <![CDATA[org.openqa.selenium.NoSuchSessionException: Session ID is null. Using WebDriver after calling quit()?
Build info: version: '4.15.0', revision: '1d14b5521b'
System info: os.name: 'Windows 11', os.arch: 'amd64', os.version: '10.0', java.version: '17.0.7'
Driver info: org.openqa.selenium.chrome.ChromeDriver
Command: [null, setTimeout {implicit=30000}]
Capabilities {acceptInsecureCerts: false, browserName: chrome, browserVersion: 120.0.6099.72, chrome: {chromedriverVersion: 120.0.6099.71 (9729082fe617..., userDataDir: C:\Users\SAIGAU~1\AppData\L...}, fedcm:accounts: true, goog:chromeOptions: {debuggerAddress: localhost:53793}, networkConnectionEnabled: false, pageLoadStrategy: normal, platformName: windows, proxy: Proxy(), se:cdp: ws://localhost:53793/devtoo..., se:cdpVersion: 120.0.6099.72, setWindowRect: true, strictFileInteractability: false, timeouts: {implicit: 0, pageLoad: 300000, script: 30000}, unhandledPromptBehavior: dismiss and notify, webauthn:extension:credBlob: true, webauthn:extension:largeBlob: true, webauthn:extension:minPinLength: true, webauthn:extension:prf: true, webauthn:virtualAuthenticators: true}
at org.openqa.selenium.remote.HttpCommandExecutor.execute(HttpCommandExecutor.java:152)
at org.openqa.selenium.remote.service.DriverCommandExecutor.invokeExecute(DriverCommandExecutor.java:200)
at org.openqa.selenium.remote.service.DriverCommandExecutor.execute(DriverCommandExecutor.java:175)
at org.openqa.selenium.remote.RemoteWebDriver.execute(RemoteWebDriver.java:607)
at org.openqa.selenium.remote.RemoteWebDriver$RemoteWebDriverOptions$RemoteTimeouts.implicitlyWait(RemoteWebDriver.java:1022)
at pages.Login_Page.credentialsuser(Login_Page.java:52)
at Test.BaseFile.log(BaseFile.java:60)
at java.base/java.util.ArrayList.forEach(ArrayList.java:1511)
... Removed 25 stack frames]]>
    </failure>
  </testcase> <!-- @BeforeClass log -->
  <testcase classname="Test.BaseFile" name="@AfterClass End" time="-1.702897387535E9">
    <skipped/>
  </testcase> <!-- @AfterClass End -->
  <testcase classname="Test.Test_AddcouponCode" name="execute" time="18.367">
    <failure type="java.lang.AssertionError" message="expected [Coupon With Gift And Custom Code] but found [Coupon with Gift and Custom Code]">
      <![CDATA[java.lang.AssertionError: expected [Coupon With Gift And Custom Code] but found [Coupon with Gift and Custom Code]
at pages.AddCoupon_page.Add_Coupon_with_Gift_and_Custom_Code(AddCoupon_page.java:142)
at Test.Test_AddcouponCode.execute(Test_AddcouponCode.java:16)
at java.base/java.util.ArrayList.forEach(ArrayList.java:1511)
... Removed 33 stack frames]]>
    </failure>
  </testcase> <!-- execute -->
  <testcase classname="Test.Test_AddcouponCode" name="Add_Couponwith_gift_and_systemGenerated_code" time="10.374">
    <failure type="java.lang.AssertionError" message="expected [Coupon With Gift And SystemGenerated Code] but found [Coupon with Gift and systemGenerated code]">
      <![CDATA[java.lang.AssertionError: expected [Coupon With Gift And SystemGenerated Code] but found [Coupon with Gift and systemGenerated code]
at pages.AddCoupon_page.Add_Coupon_with_gift_and_systemGenerated_code(AddCoupon_page.java:180)
at Test.Test_AddcouponCode.Add_Couponwith_gift_and_systemGenerated_code(Test_AddcouponCode.java:21)
at java.base/java.util.ArrayList.forEach(ArrayList.java:1511)
... Removed 33 stack frames]]>
    </failure>
  </testcase> <!-- Add_Couponwith_gift_and_systemGenerated_code -->
  <testcase classname="Test.Test_AddcouponCode" name="Test_Add_Coupon_Discount_Amount_with_additional_Setting" time="9.706"/>
  <testcase classname="Test.Test_AddcouponCode" name="Test_Add_Coupon_Dicount_amt_without_Adv" time="2.796">
    <failure type="java.lang.AssertionError" message="expected [Coupon With Disc Without Adv] but found [Coupon with Disc without adv]">
      <![CDATA[java.lang.AssertionError: expected [Coupon With Disc Without Adv] but found [Coupon with Disc without adv]
at pages.AddCoupon_page.Add_Coupon_Dicount_amt_without_Adv(AddCoupon_page.java:230)
at Test.Test_AddcouponCode.Test_Add_Coupon_Dicount_amt_without_Adv(Test_AddcouponCode.java:31)
at java.base/java.util.ArrayList.forEach(ArrayList.java:1511)
... Removed 33 stack frames]]>
    </failure>
  </testcase> <!-- Test_Add_Coupon_Dicount_amt_without_Adv -->
  <testcase classname="Test.Test_AddcouponCode" name="Test_Add_Coupon_Disount_percentage_with_adv" time="11.27">
    <failure type="java.lang.AssertionError" message="expected [Disc Pert With Adv Setting] but found [Disc pert With Adv Setting]">
      <![CDATA[java.lang.AssertionError: expected [Disc Pert With Adv Setting] but found [Disc pert With Adv Setting]
at pages.AddCoupon_page.Add_Coupon_Disount_percentage_with_adv(AddCoupon_page.java:259)
at Test.Test_AddcouponCode.Test_Add_Coupon_Disount_percentage_with_adv(Test_AddcouponCode.java:36)
at java.base/java.util.ArrayList.forEach(ArrayList.java:1511)
... Removed 33 stack frames]]>
    </failure>
  </testcase> <!-- Test_Add_Coupon_Disount_percentage_with_adv -->
  <testcase classname="Test.Test_AddcouponCode" name="Test_Add_Coupon_Discount_percentage_without_adv" time="3.208">
    <failure type="java.lang.AssertionError" message="Disc Pert Without Adv Setting expected [Disc pert Without Adv Setting] but found [Coupon name doesn&amp;apos;t match]">
      <![CDATA[java.lang.AssertionError: Disc Pert Without Adv Setting expected [Disc pert Without Adv Setting] but found [Coupon name doesn't match]
at pages.AddCoupon_page.Add_Coupon_Discount_percentage_without_adv(AddCoupon_page.java:281)
at Test.Test_AddcouponCode.Test_Add_Coupon_Discount_percentage_without_adv(Test_AddcouponCode.java:41)
at java.base/java.util.ArrayList.forEach(ArrayList.java:1511)
... Removed 32 stack frames]]>
    </failure>
  </testcase> <!-- Test_Add_Coupon_Discount_percentage_without_adv -->
  <testcase classname="Test.Test_AddcouponCode" name="Test_Add_coupon_Discount_unit_with_adv" time="11.663">
    <failure type="org.openqa.selenium.InvalidSelectorException" message="invalid selector: Unable to locate an element with the xpath expression //*[text()=&amp;apos;Disc unit With Adv Setting] because of the following error:
SyntaxError: Failed to execute &amp;apos;evaluate&amp;apos; on &amp;apos;Document&amp;apos;: The string &amp;apos;//*[text()=&amp;apos;Disc unit With Adv Setting]&amp;apos; is not a valid XPath expression.
  (Session info: chrome=120.0.6099.72)
For documentation on this error, please visit: https://www.selenium.dev/documentation/webdriver/troubleshooting/errors#invalid-selector-exception
Build info: version: &amp;apos;4.15.0&amp;apos;, revision: &amp;apos;1d14b5521b&amp;apos;
System info: os.name: &amp;apos;Windows 11&amp;apos;, os.arch: &amp;apos;amd64&amp;apos;, os.version: &amp;apos;10.0&amp;apos;, java.version: &amp;apos;17.0.7&amp;apos;
Driver info: org.openqa.selenium.chrome.ChromeDriver
Command: [a9d553e0ca3b594d3d5527cc65684e23, findElement {using=xpath, value=//*[text()=&amp;apos;Disc unit With Adv Setting]}]
Capabilities {acceptInsecureCerts: false, browserName: chrome, browserVersion: 120.0.6099.72, chrome: {chromedriverVersion: 120.0.6099.71 (9729082fe617..., userDataDir: C:\Users\SAIGAU~1\AppData\L...}, fedcm:accounts: true, goog:chromeOptions: {debuggerAddress: localhost:53793}, networkConnectionEnabled: false, pageLoadStrategy: normal, platformName: windows, proxy: Proxy(), se:cdp: ws://localhost:53793/devtoo..., se:cdpVersion: 120.0.6099.72, setWindowRect: true, strictFileInteractability: false, timeouts: {implicit: 0, pageLoad: 300000, script: 30000}, unhandledPromptBehavior: dismiss and notify, webauthn:extension:credBlob: true, webauthn:extension:largeBlob: true, webauthn:extension:minPinLength: true, webauthn:extension:prf: true, webauthn:virtualAuthenticators: true}
Session ID: a9d553e0ca3b594d3d5527cc65684e23">
      <![CDATA[org.openqa.selenium.InvalidSelectorException: invalid selector: Unable to locate an element with the xpath expression //*[text()='Disc unit With Adv Setting] because of the following error:
SyntaxError: Failed to execute 'evaluate' on 'Document': The string '//*[text()='Disc unit With Adv Setting]' is not a valid XPath expression.
  (Session info: chrome=120.0.6099.72)
For documentation on this error, please visit: https://www.selenium.dev/documentation/webdriver/troubleshooting/errors#invalid-selector-exception
Build info: version: '4.15.0', revision: '1d14b5521b'
System info: os.name: 'Windows 11', os.arch: 'amd64', os.version: '10.0', java.version: '17.0.7'
Driver info: org.openqa.selenium.chrome.ChromeDriver
Command: [a9d553e0ca3b594d3d5527cc65684e23, findElement {using=xpath, value=//*[text()='Disc unit With Adv Setting]}]
Capabilities {acceptInsecureCerts: false, browserName: chrome, browserVersion: 120.0.6099.72, chrome: {chromedriverVersion: 120.0.6099.71 (9729082fe617..., userDataDir: C:\Users\SAIGAU~1\AppData\L...}, fedcm:accounts: true, goog:chromeOptions: {debuggerAddress: localhost:53793}, networkConnectionEnabled: false, pageLoadStrategy: normal, platformName: windows, proxy: Proxy(), se:cdp: ws://localhost:53793/devtoo..., se:cdpVersion: 120.0.6099.72, setWindowRect: true, strictFileInteractability: false, timeouts: {implicit: 0, pageLoad: 300000, script: 30000}, unhandledPromptBehavior: dismiss and notify, webauthn:extension:credBlob: true, webauthn:extension:largeBlob: true, webauthn:extension:minPinLength: true, webauthn:extension:prf: true, webauthn:virtualAuthenticators: true}
Session ID: a9d553e0ca3b594d3d5527cc65684e23
at org.openqa.selenium.remote.codec.w3c.W3CHttpResponseCodec.createException(W3CHttpResponseCodec.java:200)
at org.openqa.selenium.remote.codec.w3c.W3CHttpResponseCodec.decode(W3CHttpResponseCodec.java:133)
at org.openqa.selenium.remote.codec.w3c.W3CHttpResponseCodec.decode(W3CHttpResponseCodec.java:52)
at org.openqa.selenium.remote.HttpCommandExecutor.execute(HttpCommandExecutor.java:191)
at org.openqa.selenium.remote.service.DriverCommandExecutor.invokeExecute(DriverCommandExecutor.java:200)
at org.openqa.selenium.remote.service.DriverCommandExecutor.execute(DriverCommandExecutor.java:175)
at org.openqa.selenium.remote.RemoteWebDriver.execute(RemoteWebDriver.java:607)
at org.openqa.selenium.remote.ElementLocation$ElementFinder$2.findElement(ElementLocation.java:165)
at org.openqa.selenium.remote.ElementLocation.findElement(ElementLocation.java:59)
at org.openqa.selenium.remote.RemoteWebDriver.findElement(RemoteWebDriver.java:364)
at org.openqa.selenium.remote.RemoteWebDriver.findElement(RemoteWebDriver.java:358)
at pages.AddCoupon_page.Add_coupon_Discount_unit_with_adv(AddCoupon_page.java:312)
at Test.Test_AddcouponCode.Test_Add_coupon_Discount_unit_with_adv(Test_AddcouponCode.java:46)
at java.base/java.util.ArrayList.forEach(ArrayList.java:1511)
... Removed 32 stack frames]]>
    </failure>
  </testcase> <!-- Test_Add_coupon_Discount_unit_with_adv -->
  <testcase classname="Test.Test_AddcouponCode" name="Test_Add_Coupon_Discount_unit_without_adv" time="3.783">
    <failure type="java.lang.AssertionError" message="expected [Disc Unit Without Adv Setting] but found [Disc  unit Without Adv Setting]">
      <![CDATA[java.lang.AssertionError: expected [Disc Unit Without Adv Setting] but found [Disc  unit Without Adv Setting]
at pages.AddCoupon_page.Add_Coupon_Discount_unit_without_adv(AddCoupon_page.java:342)
at Test.Test_AddcouponCode.Test_Add_Coupon_Discount_unit_without_adv(Test_AddcouponCode.java:51)
at java.base/java.util.ArrayList.forEach(ArrayList.java:1511)
... Removed 33 stack frames]]>
    </failure>
  </testcase> <!-- Test_Add_Coupon_Discount_unit_without_adv -->
  <testcase classname="Test.Test_AddcouponCode" name="Test_Add_Coupon_Discount_other_with_Adv" time="10.986">
    <failure type="java.lang.AssertionError" message="expected [Disc Other Without Adv Setting] but found [Disc  other Without Adv Setting]">
      <![CDATA[java.lang.AssertionError: expected [Disc Other Without Adv Setting] but found [Disc  other Without Adv Setting]
at pages.AddCoupon_page.Add_Coupon_Discount_other_with_Adv(AddCoupon_page.java:373)
at Test.Test_AddcouponCode.Test_Add_Coupon_Discount_other_with_Adv(Test_AddcouponCode.java:56)
at java.base/java.util.ArrayList.forEach(ArrayList.java:1511)
... Removed 33 stack frames]]>
    </failure>
  </testcase> <!-- Test_Add_Coupon_Discount_other_with_Adv -->
  <testcase classname="Test.Test_EditGiftCustomCode" name="test_EditGiftCustomCode" time="0.0">
    <skipped/>
  </testcase> <!-- test_EditGiftCustomCode -->
  <testcase classname="Test.Test_Delete" name="testDelete" time="0.0">
    <skipped/>
  </testcase> <!-- testDelete -->
  <testcase classname="Test.BaseFile" name="@BeforeSuite init" time="0.0">
    <ignored/>
  </testcase> <!-- @BeforeSuite init -->
  <testcase classname="Test.BaseFile" name="@BeforeSuite init" time="0.0">
    <ignored/>
  </testcase> <!-- @BeforeSuite init -->
</testsuite> <!-- Test -->
